<?xml version="1.0" encoding="UTF-8"?>
<robot generator="Robot 3.1.2 (Python 3.6.1 on win32)" generated="20190920 22:54:30.497" rpa="false">
<suite id="s1" name="Testproject" source="E:\python\robottest\testproject">
<suite id="s1-s1" name="Suitetest" source="E:\python\robottest\testproject\suitetest.txt">
<kw name="Log" library="BuiltIn" type="setup">
<doc>Logs the given message with the given level.</doc>
<arguments>
<arg>开始</arg>
</arguments>
<msg timestamp="20190920 22:54:31.142" level="INFO">开始</msg>
<status status="PASS" starttime="20190920 22:54:31.141" endtime="20190920 22:54:31.142"></status>
</kw>
<test id="s1-s1-t1" name="dingweitest">
<kw name="打开浏览器" library="测试元素层">
<arguments>
<arg>http://sahitest.com/demo/index.htm</arg>
</arguments>
<kw name="Open Browser" library="Selenium2Library">
<doc>Opens a new browser instance to the given ``url``.</doc>
<arguments>
<arg>${url}</arg>
<arg>gc</arg>
</arguments>
<msg timestamp="20190920 22:54:31.146" level="INFO">Opening browser 'gc' to base url 'http://sahitest.com/demo/index.htm'.</msg>
<status status="PASS" starttime="20190920 22:54:31.145" endtime="20190920 22:58:02.233"></status>
</kw>
<kw name="Set Browser Implicit Wait" library="Selenium2Library">
<doc>Sets the implicit wait value used by Selenium.</doc>
<arguments>
<arg>30</arg>
</arguments>
<status status="PASS" starttime="20190920 22:58:02.234" endtime="20190920 22:58:02.251"></status>
</kw>
<kw name="Maximize Browser Window" library="Selenium2Library">
<doc>Maximizes current browser window.</doc>
<status status="PASS" starttime="20190920 22:58:02.252" endtime="20190920 22:58:03.404"></status>
</kw>
<status status="PASS" starttime="20190920 22:54:31.144" endtime="20190920 22:58:03.405"></status>
</kw>
<kw name="Set Browser Implicit Wait" library="Selenium2Library">
<doc>Sets the implicit wait value used by Selenium.</doc>
<arguments>
<arg>10</arg>
</arguments>
<status status="PASS" starttime="20190920 22:58:03.406" endtime="20190920 22:58:03.411"></status>
</kw>
<kw name="Maximize Browser Window" library="Selenium2Library">
<doc>Maximizes current browser window.</doc>
<status status="PASS" starttime="20190920 22:58:03.412" endtime="20190920 22:58:03.419"></status>
</kw>
<kw name="跳转" library="获取元素">
<arguments>
<arg>xpath=/html/body/table/tbody/tr/td[1]/a[1]</arg>
</arguments>
<kw name="Click Element" library="Selenium2Library">
<doc>Click element identified by ``locator``.</doc>
<arguments>
<arg>${text}</arg>
</arguments>
<msg timestamp="20190920 22:58:03.422" level="INFO">Clicking element 'xpath=/html/body/table/tbody/tr/td[1]/a[1]'.</msg>
<status status="PASS" starttime="20190920 22:58:03.421" endtime="20190920 22:58:08.049"></status>
</kw>
<status status="PASS" starttime="20190920 22:58:03.420" endtime="20190920 22:58:08.050"></status>
</kw>
<kw name="Sleep" library="BuiltIn">
<doc>Pauses the test executed for the given time.</doc>
<arguments>
<arg>2</arg>
</arguments>
<msg timestamp="20190920 22:58:10.051" level="INFO">Slept 2 seconds</msg>
<status status="PASS" starttime="20190920 22:58:08.050" endtime="20190920 22:58:10.052"></status>
</kw>
<kw name="跳转" library="获取元素">
<arguments>
<arg>xpath=/html/body/a[19]</arg>
</arguments>
<kw name="Click Element" library="Selenium2Library">
<doc>Click element identified by ``locator``.</doc>
<arguments>
<arg>${text}</arg>
</arguments>
<msg timestamp="20190920 22:58:10.055" level="INFO">Clicking element 'xpath=/html/body/a[19]'.</msg>
<status status="PASS" starttime="20190920 22:58:10.054" endtime="20190920 22:58:10.181"></status>
</kw>
<status status="PASS" starttime="20190920 22:58:10.053" endtime="20190920 22:58:10.182"></status>
</kw>
<kw name="Select Frame" library="Selenium2Library">
<doc>Sets frame identified by ``locator`` as the current frame.</doc>
<arguments>
<arg>xpath=//*[@id="myframe"]</arg>
</arguments>
<msg timestamp="20190920 22:58:10.183" level="INFO">Selecting frame 'xpath=//*[@id="myframe"]'.</msg>
<status status="PASS" starttime="20190920 22:58:10.183" endtime="20190920 22:58:10.246"></status>
</kw>
<kw name="Sleep" library="BuiltIn">
<doc>Pauses the test executed for the given time.</doc>
<arguments>
<arg>2</arg>
</arguments>
<msg timestamp="20190920 22:58:12.248" level="INFO">Slept 2 seconds</msg>
<status status="PASS" starttime="20190920 22:58:10.247" endtime="20190920 22:58:12.248"></status>
</kw>
<kw name="关闭浏览器" library="测试元素层">
<kw name="Close Browser" library="Selenium2Library">
<doc>Closes the current browser.</doc>
<status status="PASS" starttime="20190920 22:58:12.251" endtime="20190920 22:58:15.964"></status>
</kw>
<status status="PASS" starttime="20190920 22:58:12.249" endtime="20190920 22:58:15.966"></status>
</kw>
<status status="PASS" starttime="20190920 22:54:31.143" endtime="20190920 22:58:15.968" critical="yes"></status>
</test>
<kw name="Log" library="BuiltIn" type="teardown">
<doc>Logs the given message with the given level.</doc>
<arguments>
<arg>结束</arg>
</arguments>
<msg timestamp="20190920 22:58:15.972" level="INFO">结束</msg>
<status status="PASS" starttime="20190920 22:58:15.971" endtime="20190920 22:58:15.973"></status>
</kw>
<status status="PASS" starttime="20190920 22:54:30.785" endtime="20190920 22:58:15.973"></status>
</suite>
<status status="PASS" starttime="20190920 22:54:30.543" endtime="20190920 22:58:15.980"></status>
</suite>
<statistics>
<total>
<stat pass="1" fail="0">Critical Tests</stat>
<stat pass="1" fail="0">All Tests</stat>
</total>
<tag>
</tag>
<suite>
<stat pass="1" fail="0" id="s1" name="Testproject">Testproject</stat>
<stat pass="1" fail="0" id="s1-s1" name="Suitetest">Testproject.Suitetest</stat>
</suite>
</statistics>
<errors>
<msg timestamp="20190920 22:54:30.489" level="WARN">Automatically parsing other than '*.robot' files is deprecated. Convert 'E:\python\robottest\testproject\suitetest.txt' to '*.robot' format or use '--extension' to explicitly configure which files to parse.</msg>
</errors>
</robot>
