<?xml version="1.0" encoding="UTF-8"?>
<robot generator="Robot 3.1.2 (Python 3.6.1 on win32)" generated="20190917 09:49:05.215" rpa="false">
<suite id="s1" name="Robottest" source="E:\python\robottest">
<suite id="s1-s1" name="Testrobot" source="E:\python\robottest\testrobot.txt">
<test id="s1-s1-t1" name="登录测试">
<kw name="Open Browser" library="Selenium2Library">
<doc>Opens a new browser instance to the given ``url``.</doc>
<arguments>
<arg>https://www.baidu.com</arg>
<arg>chrome</arg>
</arguments>
<msg timestamp="20190917 09:49:05.474" level="INFO">Opening browser 'chrome' to base url 'https://www.baidu.com'.</msg>
<status status="PASS" starttime="20190917 09:49:05.474" endtime="20190917 09:49:21.119"></status>
</kw>
<kw name="Input Text" library="Selenium2Library">
<doc>Types the given ``text`` into text field identified by ``locator``.</doc>
<arguments>
<arg>id=kw</arg>
<arg>selenium</arg>
</arguments>
<msg timestamp="20190917 09:49:21.120" level="INFO">Typing text 'selenium' into text field 'id=kw'.</msg>
<status status="PASS" starttime="20190917 09:49:21.120" endtime="20190917 09:49:21.656"></status>
</kw>
<kw name="Click Button" library="Selenium2Library">
<doc>Clicks button identified by ``locator``.</doc>
<arguments>
<arg>id=su</arg>
</arguments>
<msg timestamp="20190917 09:49:21.656" level="INFO">Clicking button 'id=su'.</msg>
<status status="PASS" starttime="20190917 09:49:21.656" endtime="20190917 09:49:21.978"></status>
</kw>
<kw name="Sleep" library="BuiltIn">
<doc>Pauses the test executed for the given time.</doc>
<arguments>
<arg>5</arg>
</arguments>
<msg timestamp="20190917 09:49:26.980" level="INFO">Slept 5 seconds</msg>
<status status="PASS" starttime="20190917 09:49:21.979" endtime="20190917 09:49:26.980"></status>
</kw>
<kw name="Close Browser" library="Selenium2Library">
<doc>Closes the current browser.</doc>
<status status="PASS" starttime="20190917 09:49:26.981" endtime="20190917 09:49:32.096"></status>
</kw>
<status status="PASS" starttime="20190917 09:49:05.472" endtime="20190917 09:49:32.097" critical="yes"></status>
</test>
<status status="PASS" starttime="20190917 09:49:05.253" endtime="20190917 09:49:32.100"></status>
</suite>
<status status="PASS" starttime="20190917 09:49:05.218" endtime="20190917 09:49:32.105"></status>
</suite>
<statistics>
<total>
<stat pass="1" fail="0">Critical Tests</stat>
<stat pass="1" fail="0">All Tests</stat>
</total>
<tag>
</tag>
<suite>
<stat pass="1" fail="0" id="s1" name="Robottest">Robottest</stat>
<stat pass="1" fail="0" id="s1-s1" name="Testrobot">Robottest.Testrobot</stat>
</suite>
</statistics>
<errors>
<msg timestamp="20190917 09:49:05.210" level="WARN">Automatically parsing other than '*.robot' files is deprecated. Convert 'E:\python\robottest\testrobot.txt' to '*.robot' format or use '--extension' to explicitly configure which files to parse.</msg>
</errors>
</robot>
